<?xml version="1.0" encoding="UTF-8"?>
<!-- Generated by org.testng.reporters.JUnitXMLReporter -->
<testsuite ignored="0" hostname="LAPTOP-UR5L1VDL" failures="0" tests="5" name="Default test" time="18.928" errors="0" timestamp="2021-08-27T17:53:49 IST">
  <testcase classname="com.hrm.testcases.LoginTest" name="doLogin" time="11.81"/>
  <testcase classname="com.hrm.testcases.LoginTest" name="doLogin" time="6.76"/>
  <testcase classname="com.hrm.testcases.LoginTest" name="doLogin" time="0.001">
    <skipped/>
  </testcase> <!-- doLogin -->
  <testcase classname="com.hrm.testcases.LoginTest" name="doLogin" time="0.001">
    <skipped/>
  </testcase> <!-- doLogin -->
  <testcase classname="com.hrm.testcases.LoginTest" name="doLogin" time="0.001">
    <skipped/>
  </testcase> <!-- doLogin -->
</testsuite> <!-- Default test -->
